<?xml version="1.0" encoding="UTF-8"?>
<!-- Generated by org.testng.reporters.JUnitReportReporter -->
<testsuite skipped="0" hostname="Harish-PC" name="day7.testingExample" tests="2" failures="0" timestamp="21 Apr 2019 07:06:10 GMT" time="0.023" errors="0">
  <testcase name="testCase11" time="0.015" classname="day7.testingExample"/>
  <testcase name="testCase10" time="0.008" classname="day7.testingExample"/>
</testsuite> <!-- day7.testingExample -->
