<?xml version="1.0" encoding="UTF-8"?>
<!-- Generated by org.testng.reporters.JUnitReportReporter -->
<testsuite skipped="0" hostname="Harish-PC" name="day8.UserModuleScripts" tests="3" failures="0" timestamp="30 Apr 2019 16:16:59 GMT" time="0.101" errors="0">
  <testcase name="deleteUser" time="0.020" classname="day8.UserModuleScripts"/>
  <testcase name="editUser" time="0.024" classname="day8.UserModuleScripts"/>
  <testcase name="createUser" time="0.057" classname="day8.UserModuleScripts"/>
</testsuite> <!-- day8.UserModuleScripts -->
