<?xml version="1.0" encoding="UTF-8"?>
<!-- Generated by org.testng.reporters.JUnitReportReporter -->
<testsuite skipped="1" hostname="Harish-PC" name="day7.TestNGTesting" tests="3" failures="0" timestamp="21 Apr 2019 07:06:10 GMT" time="0.060" errors="0">
  <testcase name="testcase8" time="0.052" classname="day7.TestNGTesting"/>
  <testcase name="testcase1" time="0.008" classname="day7.TestNGTesting"/>
  <testcase name="testcase3" classname="day7.TestNGTesting">
    <skipped/>
  </testcase> <!-- testcase3 -->
</testsuite> <!-- day7.TestNGTesting -->
